Build started 07/06/2016 17:36:27.
     1>Project "C:\Users\James\Documents\University\Year 3\Final Project\projects\ray tracer\ray tracer\ray tracer.vcxproj" on node 2 (Build target(s)).
     1>AddCudaCompileDeps:
         C:\Program Files (x86)\Microsoft Visual Studio 12.0\VC\bin\cl.exe /E /nologo /showIncludes /TP /D__CUDACC__ /DWIN32 /D_DEBUG /D_CONSOLE /D_MBCS /I"C:\Program Files\NVIDIA GPU Computing Toolkit\CUDA\v7.5\include" /I"C:\Program Files\NVIDIA GPU Computing Toolkit\CUDA\v7.5\bin" /I"C:\Program Files\NVIDIA GPU Computing Toolkit\CUDA\v7.5\include" /I. /FIcuda_runtime.h /c "C:\Users\James\Documents\University\Year 3\Final Project\projects\ray tracer\ray tracer\main.cpp" 
       CudaBuild:
         Compiling CUDA source file main.cpp...
         cmd.exe /C "C:\Users\James\AppData\Local\Temp\tmpce497f2a2ba545e481f96b3e80c42b19.cmd"
         "C:\Program Files\NVIDIA GPU Computing Toolkit\CUDA\v7.5\bin\nvcc.exe" -gencode=arch=compute_20,code=\"sm_20,compute_20\" --use-local-env --cl-version 2013 -ccbin "C:\Program Files (x86)\Microsoft Visual Studio 12.0\VC\bin" -rdc=true -I"C:\Program Files\NVIDIA GPU Computing Toolkit\CUDA\v7.5\include" -I"C:\Program Files\NVIDIA GPU Computing Toolkit\CUDA\v7.5\include"  -G   --keep-dir Debug -maxrregcount=0  --machine 32 --compile -cudart static  -g   -DWIN32 -D_DEBUG -D_CONSOLE -D_MBCS -Xcompiler "/EHsc /W3 /nologo /Od /Zi /RTC1 /MDd " -o Debug\main.cpp.obj "C:\Users\James\Documents\University\Year 3\Final Project\projects\ray tracer\ray tracer\main.cpp"
         
         C:\Users\James\Documents\University\Year 3\Final Project\projects\ray tracer\ray tracer>"C:\Program Files\NVIDIA GPU Computing Toolkit\CUDA\v7.5\bin\nvcc.exe" -gencode=arch=compute_20,code=\"sm_20,compute_20\" --use-local-env --cl-version 2013 -ccbin "C:\Program Files (x86)\Microsoft Visual Studio 12.0\VC\bin" -rdc=true -I"C:\Program Files\NVIDIA GPU Computing Toolkit\CUDA\v7.5\include" -I"C:\Program Files\NVIDIA GPU Computing Toolkit\CUDA\v7.5\include"  -G   --keep-dir Debug -maxrregcount=0  --machine 32 --compile -cudart static  -g   -DWIN32 -D_DEBUG -D_CONSOLE -D_MBCS -Xcompiler "/EHsc /W3 /nologo /Od /Zi /RTC1 /MDd " -o Debug\main.cpp.obj "C:\Users\James\Documents\University\Year 3\Final Project\projects\ray tracer\ray tracer\main.cpp" 
         main.cpp
       CudaLink:
         cmd.exe /C "C:\Users\James\AppData\Local\Temp\tmpe411085816db4c42ab92a0fae5bdbe43.cmd"
         "C:\Program Files\NVIDIA GPU Computing Toolkit\CUDA\v7.5\bin\nvcc.exe" -dlink -o "Debug\ray tracer.device-link.obj" -Xcompiler "/EHsc /W3 /nologo /Od /Zi /RTC1 /MDd " -L"C:\Program Files\NVIDIA GPU Computing Toolkit\CUDA\v7.5\lib\Win32" cudart.lib kernel32.lib user32.lib gdi32.lib winspool.lib comdlg32.lib advapi32.lib shell32.lib ole32.lib oleaut32.lib uuid.lib odbc32.lib odbccp32.lib opengl32.lib glew32s.lib glfw3.lib assimpd.lib SOIL.lib  -gencode=arch=compute_20,code=sm_20 -G --machine 32 Debug\Camera.cu.obj Debug\Interpolate.cu.obj Debug\Intersection.cu.obj Debug\KDNode.cpp.obj Debug\Light.cpp.obj Debug\main.cpp.obj Debug\RayTrace.cu.obj Debug\Sphere.cpp.obj Debug\Triangle.cpp.obj
         
         C:\Users\James\Documents\University\Year 3\Final Project\projects\ray tracer\ray tracer>"C:\Program Files\NVIDIA GPU Computing Toolkit\CUDA\v7.5\bin\nvcc.exe" -dlink -o "Debug\ray tracer.device-link.obj" -Xcompiler "/EHsc /W3 /nologo /Od /Zi /RTC1 /MDd " -L"C:\Program Files\NVIDIA GPU Computing Toolkit\CUDA\v7.5\lib\Win32" cudart.lib kernel32.lib user32.lib gdi32.lib winspool.lib comdlg32.lib advapi32.lib shell32.lib ole32.lib oleaut32.lib uuid.lib odbc32.lib odbccp32.lib opengl32.lib glew32s.lib glfw3.lib assimpd.lib SOIL.lib  -gencode=arch=compute_20,code=sm_20 -G --machine 32 Debug\Camera.cu.obj Debug\Interpolate.cu.obj Debug\Intersection.cu.obj Debug\KDNode.cpp.obj Debug\Light.cpp.obj Debug\main.cpp.obj Debug\RayTrace.cu.obj Debug\Sphere.cpp.obj Debug\Triangle.cpp.obj 
     1>CUDALINK : nvlink warning : Stack size for entry function '_Z8rayTraceyP11Environment' cannot be statically determined
         cudart.lib
         kernel32.lib
         user32.lib
         gdi32.lib
         winspool.lib
         comdlg32.lib
         advapi32.lib
         shell32.lib
         ole32.lib
         oleaut32.lib
         uuid.lib
         odbc32.lib
         odbccp32.lib
         opengl32.lib
         glew32s.lib
         glfw3.lib
         assimpd.lib
         SOIL.lib
         Camera.cu.obj
         Interpolate.cu.obj
         Intersection.cu.obj
         KDNode.cpp.obj
         Light.cpp.obj
         main.cpp.obj
         RayTrace.cu.obj
         Sphere.cpp.obj
         Triangle.cpp.obj
       Link:
         C:\Program Files (x86)\Microsoft Visual Studio 12.0\VC\bin\link.exe /ERRORREPORT:PROMPT /OUT:"C:\Users\James\Documents\University\Year 3\Final Project\projects\ray tracer\Debug\ray tracer.exe" /INCREMENTAL /NOLOGO /LIBPATH:"C:\Program Files\NVIDIA GPU Computing Toolkit\CUDA\v7.5\lib\Win32" cudart.lib kernel32.lib user32.lib gdi32.lib winspool.lib comdlg32.lib advapi32.lib shell32.lib ole32.lib oleaut32.lib uuid.lib odbc32.lib odbccp32.lib opengl32.lib glew32s.lib glfw3.lib assimpd.lib SOIL.lib kernel32.lib user32.lib gdi32.lib winspool.lib comdlg32.lib advapi32.lib shell32.lib ole32.lib oleaut32.lib uuid.lib odbc32.lib odbccp32.lib /MANIFEST /MANIFESTUAC:"level='asInvoker' uiAccess='false'" /manifest:embed /DEBUG /PDB:"C:\Users\James\Documents\University\Year 3\Final Project\projects\ray tracer\Debug\ray tracer.pdb" /SUBSYSTEM:CONSOLE /TLBID:1 /DYNAMICBASE /NXCOMPAT /IMPLIB:"C:\Users\James\Documents\University\Year 3\Final Project\projects\ray tracer\Debug\ray tracer.lib" /MACHINE:X86 Debug\Camera.cu.obj
         Debug\Interpolate.cu.obj
         Debug\Intersection.cu.obj
         Debug\KDNode.cpp.obj
         Debug\Light.cpp.obj
         Debug\main.cpp.obj
         Debug\RayTrace.cu.obj
         Debug\Sphere.cpp.obj
         Debug\Triangle.cpp.obj
         Debug\Display.obj
         Debug\Mesh.obj
         Debug\Model.obj
         Debug\Ray.obj
         Debug\Scene.obj
         Debug\Shader.obj
         Debug\KDVoxel.obj
         "Debug\ray tracer.device-link.obj"
         ray tracer.vcxproj -> C:\Users\James\Documents\University\Year 3\Final Project\projects\ray tracer\Debug\ray tracer.exe
       PostBuildEvent:
         echo copy "C:\Program Files\NVIDIA GPU Computing Toolkit\CUDA\v7.5\bin\cudart*.dll" "C:\Users\James\Documents\University\Year 3\Final Project\projects\ray tracer\Debug\"
         copy "C:\Program Files\NVIDIA GPU Computing Toolkit\CUDA\v7.5\bin\cudart*.dll" "C:\Users\James\Documents\University\Year 3\Final Project\projects\ray tracer\Debug\"
         :VCEnd
         copy "C:\Program Files\NVIDIA GPU Computing Toolkit\CUDA\v7.5\bin\cudart*.dll" "C:\Users\James\Documents\University\Year 3\Final Project\projects\ray tracer\Debug\"
         C:\Program Files\NVIDIA GPU Computing Toolkit\CUDA\v7.5\bin\cudart32_75.dll
         C:\Program Files\NVIDIA GPU Computing Toolkit\CUDA\v7.5\bin\cudart64_75.dll
                 2 file(s) copied.
     1>Done Building Project "C:\Users\James\Documents\University\Year 3\Final Project\projects\ray tracer\ray tracer\ray tracer.vcxproj" (Build target(s)).

Build succeeded.

Time Elapsed 00:00:02.46
