c:\users\james\documents\university\year 3\final project\projects\ray tracer\ray tracer\debug\vc120.pdb
c:\users\james\documents\university\year 3\final project\projects\ray tracer\ray tracer\debug\vc120.idb
c:\users\james\documents\university\year 3\final project\projects\ray tracer\ray tracer\debug\model.obj
c:\users\james\documents\university\year 3\final project\projects\ray tracer\ray tracer\debug\scene.obj
c:\users\james\documents\university\year 3\final project\projects\ray tracer\ray tracer\debug\kdvoxel.obj
c:\users\james\documents\university\year 3\final project\projects\ray tracer\ray tracer\debug\mesh.obj
c:\users\james\documents\university\year 3\final project\projects\ray tracer\ray tracer\debug\ray.obj
c:\users\james\dropbox\ray tracer\ray tracer\debug\vc120.pdb
c:\users\james\dropbox\ray tracer\ray tracer\debug\vc120.idb
c:\users\james\dropbox\ray tracer\ray tracer\debug\display.obj
c:\users\james\dropbox\ray tracer\ray tracer\debug\mesh.obj
c:\users\james\dropbox\ray tracer\ray tracer\debug\model.obj
c:\users\james\dropbox\ray tracer\ray tracer\debug\ray.obj
c:\users\james\dropbox\ray tracer\ray tracer\debug\scene.obj
c:\users\james\dropbox\ray tracer\ray tracer\debug\shader.obj
c:\users\james\dropbox\ray tracer\ray tracer\debug\kdvoxel.obj
c:\users\james\documents\university\year 3\final project\projects\ray tracer\debug\ray tracer.ilk
c:\users\james\documents\university\year 3\final project\projects\ray tracer\debug\ray tracer.exe
c:\users\james\documents\university\year 3\final project\projects\ray tracer\debug\ray tracer.pdb
c:\users\james\dropbox\ray tracer\debug\ray tracer.ilk
c:\users\james\dropbox\ray tracer\debug\ray tracer.exe
c:\users\james\dropbox\ray tracer\debug\ray tracer.pdb
c:\users\james\documents\university\year 3\final project\projects\ray tracer\ray tracer\debug\camera.cu.cache
c:\users\james\documents\university\year 3\final project\projects\ray tracer\ray tracer\debug\interpolate.cu.cache
c:\users\james\documents\university\year 3\final project\projects\ray tracer\ray tracer\debug\intersection.cu.cache
c:\users\james\documents\university\year 3\final project\projects\ray tracer\ray tracer\debug\kdnode.cpp.cache
c:\users\james\documents\university\year 3\final project\projects\ray tracer\ray tracer\debug\light.cpp.cache
c:\users\james\documents\university\year 3\final project\projects\ray tracer\ray tracer\debug\main.cpp.cache
c:\users\james\documents\university\year 3\final project\projects\ray tracer\ray tracer\debug\randomnumbers.cu.cache
c:\users\james\documents\university\year 3\final project\projects\ray tracer\ray tracer\debug\raytrace.cu.cache
c:\users\james\documents\university\year 3\final project\projects\ray tracer\ray tracer\debug\sphere.cpp.cache
c:\users\james\documents\university\year 3\final project\projects\ray tracer\ray tracer\debug\texturefetch.cu.cache
c:\users\james\documents\university\year 3\final project\projects\ray tracer\ray tracer\debug\triangle.cpp.cache
c:\users\james\documents\university\year 3\final project\projects\ray tracer\ray tracer\debug\camera.cu.obj
c:\users\james\documents\university\year 3\final project\projects\ray tracer\ray tracer\debug\display.obj
c:\users\james\documents\university\year 3\final project\projects\ray tracer\ray tracer\debug\float4functions.obj
c:\users\james\documents\university\year 3\final project\projects\ray tracer\ray tracer\debug\interpolate.cu.obj
c:\users\james\documents\university\year 3\final project\projects\ray tracer\ray tracer\debug\intersection.cu.obj
c:\users\james\documents\university\year 3\final project\projects\ray tracer\ray tracer\debug\kdnode.cpp.obj
c:\users\james\documents\university\year 3\final project\projects\ray tracer\ray tracer\debug\light.cpp.obj
c:\users\james\documents\university\year 3\final project\projects\ray tracer\ray tracer\debug\main.cpp.obj
c:\users\james\documents\university\year 3\final project\projects\ray tracer\ray tracer\debug\randomnumbers.cu.obj
c:\users\james\documents\university\year 3\final project\projects\ray tracer\ray tracer\debug\ray tracer.device-link.obj
c:\users\james\documents\university\year 3\final project\projects\ray tracer\ray tracer\debug\raytrace.cu.obj
c:\users\james\documents\university\year 3\final project\projects\ray tracer\ray tracer\debug\shader.obj
c:\users\james\documents\university\year 3\final project\projects\ray tracer\ray tracer\debug\sphere.cpp.obj
c:\users\james\documents\university\year 3\final project\projects\ray tracer\ray tracer\debug\texturefetch.cu.obj
c:\users\james\documents\university\year 3\final project\projects\ray tracer\ray tracer\debug\triangle.cpp.obj
c:\users\james\documents\university\year 3\final project\projects\ray tracer\ray tracer\debug\ray tracer.tlog\cl.command.1.tlog
c:\users\james\documents\university\year 3\final project\projects\ray tracer\ray tracer\debug\ray tracer.tlog\cl.read.1.tlog
c:\users\james\documents\university\year 3\final project\projects\ray tracer\ray tracer\debug\ray tracer.tlog\cl.write.1.tlog
c:\users\james\documents\university\year 3\final project\projects\ray tracer\ray tracer\debug\ray tracer.tlog\link.command.1.tlog
c:\users\james\documents\university\year 3\final project\projects\ray tracer\ray tracer\debug\ray tracer.tlog\link.read.1.tlog
c:\users\james\documents\university\year 3\final project\projects\ray tracer\ray tracer\debug\ray tracer.tlog\link.write.1.tlog
